INFO:root:LOGGING STARTED:2018-04-17 11:20:36.344698
INFO:root:Config file read and parameters set.
INFO:root:Opening file: C:/Users/Julian/GitHub/qMem_DataWrangling/testdata\M0002-1d-20u-1x4-3x_00.txt
INFO:root:column 0
INFO:root:column 1
INFO:root:column 2
INFO:root:column 3
INFO:root:column 4
INFO:root:column 5
INFO:root:Data frames created
INFO:root:Opening file: C:/Users/Julian/GitHub/qMem_DataWrangling/testdata\M0002-1d-20u-1x6_00.txt
INFO:root:column 0
INFO:root:column 1
INFO:root:column 2
INFO:root:column 3
INFO:root:column 4
INFO:root:column 5
INFO:root:Data frames created
INFO:root:Opening file: C:/Users/Julian/GitHub/qMem_DataWrangling/testdata\M0002-1d-20u-2x2_00.txt
INFO:root:column 0
INFO:root:column 1
INFO:root:column 2
INFO:root:column 3
INFO:root:column 4
INFO:root:column 5
INFO:root:column 6
INFO:root:column 7
INFO:root:column 8
INFO:root:column 9
INFO:root:Data frames created
INFO:root:Saved config file
INFO:root:LOGGING STARTED:2018-04-17 11:21:37.376545
INFO:root:Config file read and parameters set.
INFO:root:Opening file: C:/Users/Julian/GitHub/qMem_DataWrangling/testdata\M0002-1d-20u-1x4-3x_00.txt
INFO:root:Data frames created
INFO:root:Opening file: C:/Users/Julian/GitHub/qMem_DataWrangling/testdata\M0002-1d-20u-1x6_00.txt
INFO:root:Data frames created
INFO:root:Opening file: C:/Users/Julian/GitHub/qMem_DataWrangling/testdata\M0002-1d-20u-2x2_00.txt
INFO:root:Data frames created
INFO:root:Saved config file
INFO:root:LOGGING STARTED:2018-04-17 11:22:30.193039
INFO:root:Config file read and parameters set.
INFO:root:Opening file: C:/Users/Julian/GitHub/qMem_DataWrangling/testdata\M0002-1d-20u-1x4-3x_00.txt
INFO:root:Opening file: C:/Users/Julian/GitHub/qMem_DataWrangling/testdata\M0002-1d-20u-1x6_00.txt
INFO:root:Opening file: C:/Users/Julian/GitHub/qMem_DataWrangling/testdata\M0002-1d-20u-2x2_00.txt
INFO:root:Saved config file
INFO:root:LOGGING STARTED:2018-04-17 11:23:17.566053
INFO:root:Config file read and parameters set.
INFO:root:Opening file: C:/Users/Julian/GitHub/qMem_DataWrangling/testdata\M0002-1d-20u-1x4-3x_00.txt
INFO:root:Opening file: C:/Users/Julian/GitHub/qMem_DataWrangling/testdata\M0002-1d-20u-1x6_00.txt
INFO:root:Opening file: C:/Users/Julian/GitHub/qMem_DataWrangling/testdata\M0002-1d-20u-2x2_00.txt
INFO:root:Saved config file
INFO:root:LOGGING STARTED:2018-04-17 11:25:57.073347
INFO:root:Config file read and parameters set.
INFO:root:Opening file: C:/Users/Julian/GitHub/qMem_DataWrangling/testdata\M0002-1d-20u-1x4-3x_00.txt
INFO:root:Opening file: C:/Users/Julian/GitHub/qMem_DataWrangling/testdata\M0002-1d-20u-1x6_00.txt
INFO:root:Opening file: C:/Users/Julian/GitHub/qMem_DataWrangling/testdata\M0002-1d-20u-2x2_00.txt
INFO:root:Saved config file
